gfs_getattr(path="/")
gfs_opendir(path="/")
gfs_readdir(path="(null)", buf=0x88000af0, filler=0x9089ad80, offset=0, fi=0x90866c50)
gfs_getattr(path="/d1")
	Error:File look up failed
gfs_mkdir(path="/d1")
gfs_getattr(path="/d1")
gfs_getattr(path="/d2")
	Error:File look up failed
gfs_mkdir(path="/d2")
gfs_getattr(path="/d2")
gfs_getattr(path="/d3")
	Error:File look up failed
gfs_mkdir(path="/d3")
gfs_getattr(path="/d3")
gfs_getattr(path="/d4")
	Error:File look up failed
gfs_mkdir(path="/d4")
gfs_getattr(path="/d4")
gfs_rmdir(path="/d3")
gfs_rmdir(path="/d4")
gfs_getattr(path="/d4")
	Error:File look up failed
gfs_mkdir(path="/d4")
gfs_getattr(path="/d4")
gfs_getattr(path="/f1")
	Error:File look up failed
gfs_create(path="/f1" mode="33188", fi="0x7fd58fe43cc0")
gfs_getattr(path="/f1")
gfs_getattr(path="/f2")
	Error:File look up failed
gfs_create(path="/f2" mode="33188", fi="0x7fd590866cc0")
gfs_getattr(path="/f2")
gfs_getattr(path="/f3")
	Error:File look up failed
gfs_create(path="/f3" mode="33188", fi="0x7fd590866cc0")
gfs_getattr(path="/f3")
gfs_getattr(path="/f4")
	Error:File look up failed
gfs_create(path="/f4" mode="33188", fi="0x7fd58fe43cc0")
gfs_getattr(path="/f4")
gfs_getattr(path="/d1/f1")
	Error:File look up failed
gfs_create(path="/d1/f1" mode="33188", fi="0x7fd58fe43cc0")
gfs_getattr(path="/d1/f1")
gfs_getattr(path="/d1/f2")
	Error:File look up failed
gfs_create(path="/d1/f2" mode="33188", fi="0x7fd58fe43cc0")
gfs_getattr(path="/d1/f2")
gfs_getattr(path="/d1/f3")
	Error:File look up failed
gfs_create(path="/d1/f3" mode="33188", fi="0x7fd58fe43cc0")
gfs_getattr(path="/d1/f3")
gfs_getattr(path="/d1/f4")
	Error:File look up failed
gfs_create(path="/d1/f4" mode="33188", fi="0x7fd590866cc0")
gfs_getattr(path="/d1/f4")
gfs_getattr(path="/d1/d1")
	Error:File look up failed
gfs_mkdir(path="/d1/d1")
gfs_getattr(path="/d1/d1")
gfs_getattr(path="/d1/d1/f1")
	Error:File look up failed
gfs_create(path="/d1/d1/f1" mode="33188", fi="0x7fd58fe43cc0")
gfs_getattr(path="/d1/d1/f1")
gfs_getattr(path="/d1/d1/f2")
	Error:File look up failed
gfs_create(path="/d1/d1/f2" mode="33188", fi="0x7fd58fe43cc0")
gfs_getattr(path="/d1/d1/f2")
gfs_getattr(path="/d1/d1/f3")
	Error:File look up failed
gfs_create(path="/d1/d1/f3" mode="33188", fi="0x7fd58fe43cc0")
gfs_getattr(path="/d1/d1/f3")
gfs_getattr(path="/d1/d1/f4")
	Error:File look up failed
gfs_create(path="/d1/d1/f4" mode="33188", fi="0x7fd590866cc0")
gfs_getattr(path="/d1/d1/f4")
gfs_getattr(path="/test_file")
	Error:File look up failed
gfs_create(path="/test_file" mode="33188", fi="0x7fd590866cc0")
gfs_getattr(path="/test_file")
gfs_write(path="(null)" buf="test
", sz="5" off="0" fi="0x7fd58fe43df0")
	Mallocing a new buffer
	errno = [0]
	FILE CONTENTS : [test
]
gfs_getattr(path="/test_file")
gfs_open(path="/test_file" fi="0x7fd590866cc0")
gfs_write(path="(null)" buf="test
", sz="5" off="9" fi="0x7fd58fe43df0")
	Reallocing a larger file
	errno = [0]
	FILE CONTENTS : []
